2022-11-07 09:07:31 [main        ] WARNING  [~Processing SQuAD dataset~]
2022-11-07 09:07:31 [main        ] INFO     [The path of training data: data/train-v1.1.json]
2022-11-07 09:07:31 [main        ] INFO     [The path of validation data: data/dev-v1.1.json]
2022-11-07 09:07:31 [main        ] INFO     [300-dim word vector path: data/glove.840B.300d.txt]
2022-11-07 09:07:31 [main        ] INFO     [Loading glove vocab.]
2022-11-07 09:11:45 [main        ] WARNING  [~Processing SQuAD dataset~]
2022-11-07 09:11:45 [main        ] INFO     [The path of training data: SQuAD/train-v1.1.json]
2022-11-07 09:11:45 [main        ] INFO     [The path of validation data: SQuAD/dev-v1.1.json]
2022-11-07 09:11:45 [main        ] INFO     [300-dim word vector path: data/glove.840B.300d.txt]
2022-11-07 09:11:45 [main        ] INFO     [Loading glove vocab.]
2022-11-07 09:15:26 [main        ] WARNING  [~Processing SQuAD dataset~]
2022-11-07 09:15:26 [main        ] INFO     [The path of training data: SQuAD/train-v1.1.json]
2022-11-07 09:15:26 [main        ] INFO     [The path of validation data: SQuAD/dev-v1.1.json]
2022-11-07 09:15:26 [main        ] INFO     [300-dim word vector path: SQuAD/glove.840B.300d.txt]
2022-11-07 09:15:26 [main        ] INFO     [Loading glove vocab.]
2022-11-07 09:15:48 [main        ] INFO     [Build vocabulary]
2022-11-07 09:17:58 [main        ] WARNING  [~Processing SQuAD dataset~]
2022-11-07 09:17:58 [main        ] INFO     [The path of training data: SQuAD/train-v1.1.json]
2022-11-07 09:17:58 [main        ] INFO     [The path of validation data: SQuAD/dev-v1.1.json]
2022-11-07 09:17:58 [main        ] INFO     [300-dim word vector path: SQuAD/glove.840B.300d.txt]
2022-11-07 09:17:58 [main        ] INFO     [Loading glove vocab.]
2022-11-07 09:18:19 [main        ] INFO     [Build vocabulary]
2022-11-07 09:20:50 [main        ] WARNING  [~Processing SQuAD dataset~]
2022-11-07 09:20:50 [main        ] INFO     [The path of training data: SQuAD/train-v1.1.json]
2022-11-07 09:20:50 [main        ] INFO     [The path of validation data: SQuAD/dev-v1.1.json]
2022-11-07 09:20:50 [main        ] INFO     [300-dim word vector path: SQuAD/glove.840B.300d.txt]
2022-11-07 09:20:50 [main        ] INFO     [Loading glove vocab.]
2022-11-07 09:21:11 [main        ] INFO     [Build vocabulary]
